TN:
SF:C:\Users\Ted's Desktop\Documents\Code-Review\galactic-calc\src\calc.js
FN:2,(anonymous_0)
FN:16,(anonymous_1)
FN:22,(anonymous_2)
FNF:3
FNH:3
FNDA:6,(anonymous_0)
FNDA:3,(anonymous_1)
FNDA:4,(anonymous_2)
DA:3,6
DA:4,6
DA:5,6
DA:6,6
DA:7,6
DA:8,6
DA:9,6
DA:10,6
DA:11,6
DA:12,6
DA:13,6
DA:17,3
DA:18,3
DA:19,3
DA:20,3
DA:23,4
DA:24,3
DA:27,1
DA:29,4
DA:30,4
DA:31,4
DA:32,4
DA:33,4
DA:34,2
DA:36,4
DA:37,1
LF:26
LH:26
BRDA:23,0,0,3
BRDA:23,0,1,1
BRDA:33,1,0,2
BRDA:33,1,1,2
BRDA:36,2,0,1
BRDA:36,2,1,3
BRF:6
BRH:6
end_of_record
